2020-06-02 22:24:09,519 FATAL Login.LogInToGoogle [main] FATAL logging
2020-06-02 22:24:09,573 ERROR Login.LogInToGoogle [main] ERROR logging
2020-06-02 22:24:09,573 WARN Login.LogInToGoogle [main] EARN logging
2020-06-02 22:24:09,574 INFO Login.LogInToGoogle [main] INFO logging
2020-06-02 22:28:39,798 FATAL TestClasses.LogInToGoogle [main] FATAL logging
2020-06-02 22:28:39,803 ERROR TestClasses.LogInToGoogle [main] ERROR logging
2020-06-02 22:28:39,803 WARN TestClasses.LogInToGoogle [main] EARN logging
2020-06-02 22:28:39,804 INFO TestClasses.LogInToGoogle [main] INFO logging
2020-06-02 22:30:22,069 FATAL TestClasses.LogInToGoogle [main] FATAL logging
2020-06-02 22:30:22,074 ERROR TestClasses.LogInToGoogle [main] ERROR logging
2020-06-02 22:30:22,078 WARN TestClasses.LogInToGoogle [main] EARN logging
2020-06-02 22:30:22,078 INFO TestClasses.LogInToGoogle [main] INFO logging
2020-06-02 22:31:23,413 FATAL TestClasses.LogInToGoogle [main] FATAL logging
2020-06-02 22:31:23,418 ERROR TestClasses.LogInToGoogle [main] ERROR logging
2020-06-02 22:31:23,418 WARN TestClasses.LogInToGoogle [main] EARN logging
2020-06-02 22:31:23,418 INFO TestClasses.LogInToGoogle [main] INFO logging
2020-06-02 22:33:15,323 FATAL TestClasses.LogInToGoogle [main] FATAL logging
2020-06-02 22:33:15,328 ERROR TestClasses.LogInToGoogle [main] ERROR logging
2020-06-02 22:33:15,329 WARN TestClasses.LogInToGoogle [main] EARN logging
2020-06-02 22:33:15,329 INFO TestClasses.LogInToGoogle [main] INFO logging
2020-06-02 22:36:29,305 FATAL TestClasses.LogInToGoogle [main] FATAL logging
2020-06-02 22:36:29,310 ERROR TestClasses.LogInToGoogle [main] ERROR logging
2020-06-02 22:36:29,311 WARN TestClasses.LogInToGoogle [main] EARN logging
2020-06-02 22:36:29,311 INFO TestClasses.LogInToGoogle [main] INFO logging
